<?xml version="1.0" encoding="UTF-8"?>
<coverage generated="1409733303">
  <project timestamp="1409733303">
    <package name="Icecave\Traitor">
      <file name="/home/travis/build/IcecaveStudios/traitor/src/Traitor.php">
        <class name="Traitor" namespace="Icecave\Traitor">
          <metrics methods="11" coveredmethods="11" conditionals="0" coveredconditionals="0" statements="71" coveredstatements="71" elements="82" coveredelements="82"/>
        </class>
        <line num="17" type="method" name="create" crap="1" count="18"/>
        <line num="19" type="stmt" count="18"/>
        <line num="29" type="method" name="extends_" crap="4" count="8"/>
        <line num="31" type="stmt" count="8"/>
        <line num="33" type="stmt" count="8"/>
        <line num="34" type="stmt" count="2"/>
        <line num="35" type="stmt" count="6"/>
        <line num="36" type="stmt" count="1"/>
        <line num="39" type="stmt" count="5"/>
        <line num="41" type="stmt" count="5"/>
        <line num="52" type="method" name="implements_" crap="4" count="6"/>
        <line num="54" type="stmt" count="6"/>
        <line num="55" type="stmt" count="5"/>
        <line num="58" type="stmt" count="6"/>
        <line num="59" type="stmt" count="6"/>
        <line num="61" type="stmt" count="6"/>
        <line num="62" type="stmt" count="1"/>
        <line num="65" type="stmt" count="5"/>
        <line num="66" type="stmt" count="5"/>
        <line num="68" type="stmt" count="5"/>
        <line num="79" type="method" name="use_" crap="4" count="6"/>
        <line num="81" type="stmt" count="6"/>
        <line num="82" type="stmt" count="5"/>
        <line num="85" type="stmt" count="6"/>
        <line num="86" type="stmt" count="6"/>
        <line num="88" type="stmt" count="6"/>
        <line num="89" type="stmt" count="1"/>
        <line num="92" type="stmt" count="5"/>
        <line num="93" type="stmt" count="5"/>
        <line num="95" type="stmt" count="5"/>
        <line num="105" type="method" name="abstract_" crap="1" count="1"/>
        <line num="107" type="stmt" count="1"/>
        <line num="109" type="stmt" count="1"/>
        <line num="117" type="method" name="name" crap="2" count="12"/>
        <line num="119" type="stmt" count="12"/>
        <line num="121" type="stmt" count="12"/>
        <line num="122" type="stmt" count="6"/>
        <line num="125" type="stmt" count="12"/>
        <line num="133" type="method" name="reflector" crap="1" count="12"/>
        <line num="135" type="stmt" count="12"/>
        <line num="136" type="stmt" count="12"/>
        <line num="137" type="stmt" count="12"/>
        <line num="147" type="method" name="instance" crap="1" count="7"/>
        <line num="149" type="stmt" count="7"/>
        <line num="150" type="stmt" count="7"/>
        <line num="151" type="stmt" count="7"/>
        <line num="161" type="method" name="instanceArray" crap="1" count="8"/>
        <line num="163" type="stmt" count="8"/>
        <line num="164" type="stmt" count="8"/>
        <line num="165" type="stmt" count="8"/>
        <line num="173" type="method" name="code" crap="5" count="7"/>
        <line num="175" type="stmt" count="7"/>
        <line num="176" type="stmt" count="7"/>
        <line num="177" type="stmt" count="7"/>
        <line num="178" type="stmt" count="1"/>
        <line num="180" type="stmt" count="7"/>
        <line num="181" type="stmt" count="7"/>
        <line num="182" type="stmt" count="3"/>
        <line num="184" type="stmt" count="7"/>
        <line num="185" type="stmt" count="3"/>
        <line num="186" type="stmt" count="3"/>
        <line num="187" type="stmt" count="3"/>
        <line num="189" type="stmt" count="7"/>
        <line num="190" type="stmt" count="7"/>
        <line num="191" type="stmt" count="3"/>
        <line num="192" type="stmt" count="3"/>
        <line num="193" type="stmt" count="3"/>
        <line num="195" type="stmt" count="7"/>
        <line num="197" type="stmt" count="7"/>
        <line num="200" type="method" name="generateClassName" crap="2" count="13"/>
        <line num="202" type="stmt" count="13"/>
        <line num="203" type="stmt" count="1"/>
        <line num="204" type="stmt" count="1"/>
        <line num="205" type="stmt" count="12"/>
        <line num="208" type="stmt" count="13"/>
        <line num="209" type="stmt" count="13"/>
        <line num="210" type="stmt" count="13"/>
        <line num="211" type="stmt" count="13"/>
        <line num="213" type="stmt" count="13"/>
        <line num="215" type="stmt" count="13"/>
        <line num="216" type="stmt" count="13"/>
        <line num="217" type="stmt" count="13"/>
        <metrics loc="224" ncloc="157" classes="1" methods="11" coveredmethods="11" conditionals="0" coveredconditionals="0" statements="71" coveredstatements="71" elements="82" coveredelements="82"/>
      </file>
    </package>
    <metrics files="1" loc="224" ncloc="157" classes="1" methods="11" coveredmethods="11" conditionals="0" coveredconditionals="0" statements="71" coveredstatements="71" elements="82" coveredelements="82"/>
  </project>
</coverage>
